<?xml version="1.0" encoding="utf-8"?><testsuites name="pytest tests"><testsuite name="pytest" errors="0" failures="0" skipped="0" tests="11" time="2.837" timestamp="2026-08-19T14:58:19.369238+00:00" hostname="agent-env-614171c1-0cee-4a50-b590-895c0370e1ec"><testcase classname="tests.test_admin_upcoming_hold_password" name="test_login_ok" time="0.239" /><testcase classname="tests.test_admin_upcoming_hold_password" name="test_login_bad_pw" time="0.232" /><testcase classname="tests.test_admin_upcoming_hold_password" name="test_upcoming_requires_auth" time="0.002" /><testcase classname="tests.test_admin_upcoming_hold_password" name="test_upcoming_returns_single_slot" time="0.003" /><testcase classname="tests.test_admin_upcoming_hold_password" name="test_save_ab_c_persists" time="0.008" /><testcase classname="tests.test_admin_upcoming_hold_password" name="test_save_invalid_digits_rejected" time="0.003" /><testcase classname="tests.test_admin_upcoming_hold_password" name="test_hold_and_release" time="0.008" /><testcase classname="tests.test_admin_upcoming_hold_password" name="test_hold_masks_on_public_board_when_time_reached" time="0.009" /><testcase classname="tests.test_admin_upcoming_hold_password" name="test_change_password_wrong_current" time="0.231" /><testcase classname="tests.test_admin_upcoming_hold_password" name="test_change_password_full_cycle" time="1.584" /><testcase classname="tests.test_admin_upcoming_hold_password" name="test_public_board_loads" time="0.003" /></testsuite></testsuites>