<?xml version="1.0" encoding="utf-8"?><testsuites name="pytest tests"><testsuite name="pytest" errors="0" failures="1" skipped="0" tests="68" time="7.675" timestamp="2026-08-05T13:18:48.700394+00:00" hostname="agent-env-01ca80fb-f9af-474c-bad1-038999dbea5c"><testcase classname="tests.backend_test.TestAuth" name="test_login_success" time="0.402" /><testcase classname="tests.backend_test.TestAuth" name="test_login_email_case_insensitive" time="0.461" /><testcase classname="tests.test_admin_board_endpoints.TestAdminBoardUnmasked" name="test_all_63_slots_have_values" time="0.859" /><testcase classname="tests.test_admin_board_endpoints.TestAdminBoardUnmasked" name="test_latest_slot_index_matches_public" time="0.284" /><testcase classname="tests.backend_test.TestAuth" name="test_login_wrong_password" time="0.283" /><testcase classname="tests.test_admin_board_endpoints.TestAdminBoardUnmasked" name="test_admin_values_match_public_for_revealed" time="0.114" /><testcase classname="tests.backend_test.TestAuth" name="test_login_unknown_user" time="0.106" /><testcase classname="tests.backend_test.TestAuth" name="test_login_missing_fields" time="0.065" /><testcase classname="tests.test_admin_board_endpoints.TestAdminBoardUnmasked" name="test_public_still_masks_future_slots" time="0.055" /><testcase classname="tests.test_admin_board_endpoints.TestAdminBoardUnmasked" name="test_admin_date_endpoint_today" time="0.062" /><testcase classname="tests.test_admin_board_endpoints.TestAdminBoardUnmasked" name="test_admin_date_future_rejected" time="0.223" /><testcase classname="tests.test_admin_board_endpoints.TestAdminBoardUnmasked" name="test_admin_date_invalid_format" time="0.060" /><testcase classname="tests.backend_test.TestAuth" name="test_me_with_token" time="0.347" /><testcase classname="tests.test_admin_board_endpoints.TestAdminBoardUnmasked" name="test_admin_date_unknown_past_404" time="0.059" /><testcase classname="tests.backend_test.TestAuth" name="test_me_without_token" time="0.119" /><testcase classname="tests.test_superdraw.TestSuperDrawUpdate" name="test_requires_auth" time="0.120" /><testcase classname="tests.backend_test.TestAuth" name="test_me_bad_token" time="0.126" /><testcase classname="tests.backend_test.TestAuth" name="test_protected_endpoints_require_auth" time="0.396" /><testcase classname="tests.test_superdraw.TestSuperDrawUpdate" name="test_update_and_persist" time="0.710" /><testcase classname="tests.backend_test.TestSlotUpdate" name="test_update_slot_persists" time="0.268" /><testcase classname="tests.test_superdraw.TestSuperDrawUpdate" name="test_invalid_number_400[7]" time="0.062" /><testcase classname="tests.backend_test.TestSlotUpdate" name="test_invalid_values_rejected[bad0]" time="0.105" /><testcase classname="tests.test_superdraw.TestSuperDrawUpdate" name="test_invalid_number_400[7a]" time="0.060" /><testcase classname="tests.test_superdraw.TestSuperDrawUpdate" name="test_invalid_number_400[123]" time="0.062" /><testcase classname="tests.backend_test.TestSlotUpdate" name="test_invalid_values_rejected[bad1]" time="0.111" /><testcase classname="tests.test_superdraw.TestSuperDrawUpdate" name="test_invalid_number_400[]" time="0.061" /><testcase classname="tests.backend_test.TestSlotUpdate" name="test_invalid_values_rejected[bad2]" time="0.065" /><testcase classname="tests.test_superdraw.TestSuperDrawUpdate" name="test_invalid_number_400[  ]" time="0.060" /><testcase classname="tests.test_superdraw.TestSuperDrawUpdate" name="test_unknown_past_date_404" time="0.061" /><testcase classname="tests.backend_test.TestSlotUpdate" name="test_invalid_values_rejected[bad3]" time="0.108" /><testcase classname="tests.test_superdraw.TestSuperDrawByDate" name="test_today_via_date" time="0.104" /><testcase classname="tests.backend_test.TestSlotUpdate" name="test_unknown_slot_404" time="0.106" /><testcase classname="tests.test_superdraw.TestSuperDrawByDate" name="test_future_date_400" time="0.069" /><testcase classname="tests.test_superdraw_reveal_unit" name="test_reveal_gate[0-1-False]" time="0.001" /><testcase classname="tests.test_superdraw_reveal_unit" name="test_reveal_gate[11-29-False]" time="0.000" /><testcase classname="tests.test_superdraw_reveal_unit" name="test_reveal_gate[11-30-True]" time="0.000" /><testcase classname="tests.test_superdraw_reveal_unit" name="test_reveal_gate[11-31-True]" time="0.000" /><testcase classname="tests.test_superdraw_reveal_unit" name="test_reveal_gate[23-59-True]" time="0.001" /><testcase classname="tests.test_superdraw_reveal_unit" name="test_admin_view_bypasses_gate" time="0.000" /><testcase classname="tests.backend_test.TestBoardByDate" name="test_today_via_date" time="0.087" /><testcase classname="tests.test_superdraw.TestSuperDrawByDate" name="test_unknown_past_date_404" time="0.066" /><testcase classname="tests.test_superdraw.TestSuperDrawByDate" name="test_invalid_format_400[2026-13-40]" time="0.073" /><testcase classname="tests.backend_test.TestBoardByDate" name="test_future_date_rejected" time="0.073" /><testcase classname="tests.test_superdraw.TestSuperDrawByDate" name="test_invalid_format_400[not-a-date]" time="0.062" /><testcase classname="tests.backend_test.TestBoardByDate" name="test_invalid_format" time="0.062" /><testcase classname="tests.test_superdraw.TestSuperDrawByDate" name="test_invalid_format_400[20260101]" time="0.059" /><testcase classname="tests.backend_test.TestBoardByDate" name="test_unknown_past_date_404" time="0.063" /><testcase classname="tests.backend_test.TestBoardToday" name="test_today_structure_and_reveal" time="0.121" /><testcase classname="tests.backend_test.TestBoardByDate" name="test_dates_list" time="0.064" /><testcase classname="tests.test_admin_board_endpoints.TestAdminBoardAuth" name="test_admin_today_requires_token" time="0.155" /><testcase classname="tests.backend_test.TestBoardToday" name="test_slot_times_schedule" time="0.069" /><testcase classname="tests.backend_test.TestBoardToday" name="test_numbers_stable_across_calls" time="0.137" /><testcase classname="tests.test_admin_board_endpoints.TestAdminBoardAuth" name="test_admin_date_requires_token" time="0.121" /><testcase classname="tests.test_superdraw.TestAdminSuperDrawGet" name="test_requires_auth" time="0.117" /><testcase classname="tests.test_admin_board_endpoints.TestAdminBoardAuth" name="test_admin_today_bad_token" time="0.103" /><testcase classname="tests.test_superdraw.TestAdminSuperDrawGet" name="test_bad_token_401" time="0.102" /><testcase classname="tests.test_superdraw_db" name="test_one_doc_per_date" time="0.826" /><testcase classname="tests.test_superdraw.TestAdminSuperDrawGet" name="test_returns_unmasked" time="0.362" /><testcase classname="tests.test_admin_board_endpoints.TestSlotTargeting" name="test_update_1710_does_not_touch_0900" time="0.654" /><testcase classname="tests.test_superdraw_db" name="test_unique_index_on_date" time="0.001"><failure message="AssertionError: super_draws.date has no unique index (race can create duplicates)&#10;assert False">E   AssertionError: super_draws.date has no unique index (race can create duplicates)
    assert False</failure></testcase><testcase classname="tests.test_superdraw_db" name="test_past_date_revealed" time="0.101" /><testcase classname="tests.backend_test.TestHealth" name="test_root" time="0.061" /><testcase classname="tests.backend_test.TestRegenerate" name="test_regenerate_creates_fresh_numbers" time="0.201" /><testcase classname="tests.test_admin_board_endpoints.TestSlotTargeting" name="test_empty_value_rejected_by_backend" time="0.067" /><testcase classname="tests.test_superdraw.TestSuperDrawToday" name="test_today_shape_and_reveal_logic" time="0.368" /><testcase classname="tests.test_slot_positional_bug" name="test_update_targets_correct_slot" time="0.935" /><testcase classname="tests.test_superdraw.TestSuperDrawToday" name="test_number_stable_across_calls" time="0.543" /><testcase classname="tests.test_superdraw.TestBoardSlotRegression" name="test_slot_update_targets_correct_slot" time="0.606" /></testsuite></testsuites>